{"D:\\Jatin\\Backup\\Practice\\tdd\\Incubyte_library_tdd\\index.js": {"path":"D:\\Jatin\\Backup\\Practice\\tdd\\Incubyte_library_tdd\\index.js","all":false,"statementMap":{"0":{"start":{"line":1,"column":0},"end":{"line":1,"column":26}},"1":{"start":{"line":2,"column":0},"end":{"line":2,"column":19}},"2":{"start":{"line":3,"column":0},"end":{"line":3,"column":24}},"3":{"start":{"line":4,"column":0},"end":{"line":4,"column":5}},"4":{"start":{"line":5,"column":0},"end":{"line":5,"column":0}},"5":{"start":{"line":6,"column":0},"end":{"line":6,"column":18}},"6":{"start":{"line":7,"column":0},"end":{"line":7,"column":24}},"7":{"start":{"line":8,"column":0},"end":{"line":8,"column":60}},"8":{"start":{"line":9,"column":0},"end":{"line":9,"column":5}},"9":{"start":{"line":10,"column":0},"end":{"line":10,"column":0}},"10":{"start":{"line":11,"column":0},"end":{"line":11,"column":16}},"11":{"start":{"line":12,"column":0},"end":{"line":12,"column":52}},"12":{"start":{"line":13,"column":0},"end":{"line":13,"column":22}},"13":{"start":{"line":14,"column":0},"end":{"line":14,"column":17}},"14":{"start":{"line":15,"column":0},"end":{"line":15,"column":18}},"15":{"start":{"line":16,"column":0},"end":{"line":16,"column":19}},"16":{"start":{"line":17,"column":0},"end":{"line":17,"column":17}},"17":{"start":{"line":18,"column":0},"end":{"line":18,"column":30}},"18":{"start":{"line":19,"column":0},"end":{"line":19,"column":9}},"19":{"start":{"line":20,"column":0},"end":{"line":20,"column":70}},"20":{"start":{"line":21,"column":0},"end":{"line":21,"column":52}},"21":{"start":{"line":22,"column":0},"end":{"line":22,"column":16}},"22":{"start":{"line":23,"column":0},"end":{"line":23,"column":42}},"23":{"start":{"line":24,"column":0},"end":{"line":24,"column":38}},"24":{"start":{"line":25,"column":0},"end":{"line":25,"column":50}},"25":{"start":{"line":26,"column":0},"end":{"line":26,"column":20}},"26":{"start":{"line":27,"column":0},"end":{"line":27,"column":62}},"27":{"start":{"line":28,"column":0},"end":{"line":28,"column":13}},"28":{"start":{"line":29,"column":0},"end":{"line":29,"column":9}},"29":{"start":{"line":30,"column":0},"end":{"line":30,"column":5}},"30":{"start":{"line":31,"column":0},"end":{"line":31,"column":0}},"31":{"start":{"line":32,"column":0},"end":{"line":32,"column":0}},"32":{"start":{"line":33,"column":0},"end":{"line":33,"column":19}},"33":{"start":{"line":34,"column":0},"end":{"line":34,"column":22}},"34":{"start":{"line":35,"column":0},"end":{"line":35,"column":38}},"35":{"start":{"line":36,"column":0},"end":{"line":36,"column":64}},"36":{"start":{"line":37,"column":0},"end":{"line":37,"column":39}},"37":{"start":{"line":38,"column":0},"end":{"line":38,"column":53}},"38":{"start":{"line":39,"column":0},"end":{"line":39,"column":13}},"39":{"start":{"line":40,"column":0},"end":{"line":40,"column":9}},"40":{"start":{"line":41,"column":0},"end":{"line":41,"column":50}},"41":{"start":{"line":42,"column":0},"end":{"line":42,"column":5}},"42":{"start":{"line":43,"column":0},"end":{"line":43,"column":0}},"43":{"start":{"line":44,"column":0},"end":{"line":44,"column":0}},"44":{"start":{"line":45,"column":0},"end":{"line":45,"column":18}},"45":{"start":{"line":46,"column":0},"end":{"line":46,"column":22}},"46":{"start":{"line":47,"column":0},"end":{"line":47,"column":38}},"47":{"start":{"line":48,"column":0},"end":{"line":48,"column":63}},"48":{"start":{"line":49,"column":0},"end":{"line":49,"column":40}},"49":{"start":{"line":50,"column":0},"end":{"line":50,"column":53}},"50":{"start":{"line":51,"column":0},"end":{"line":51,"column":13}},"51":{"start":{"line":52,"column":0},"end":{"line":52,"column":9}},"52":{"start":{"line":53,"column":0},"end":{"line":53,"column":41}},"53":{"start":{"line":54,"column":0},"end":{"line":54,"column":5}},"54":{"start":{"line":55,"column":0},"end":{"line":55,"column":0}},"55":{"start":{"line":56,"column":0},"end":{"line":56,"column":0}},"56":{"start":{"line":57,"column":0},"end":{"line":57,"column":16}},"57":{"start":{"line":58,"column":0},"end":{"line":58,"column":17}},"58":{"start":{"line":59,"column":0},"end":{"line":59,"column":38}},"59":{"start":{"line":60,"column":0},"end":{"line":60,"column":117}},"60":{"start":{"line":61,"column":0},"end":{"line":61,"column":9}},"61":{"start":{"line":62,"column":0},"end":{"line":62,"column":35}},"62":{"start":{"line":63,"column":0},"end":{"line":63,"column":5}},"63":{"start":{"line":64,"column":0},"end":{"line":64,"column":1}}},"s":{"0":1,"1":1,"2":2,"3":2,"4":1,"5":1,"6":1,"7":4,"8":4,"9":1,"10":1,"11":1,"12":5,"13":5,"14":5,"15":5,"16":5,"17":5,"18":5,"19":5,"20":1,"21":5,"22":4,"23":3,"24":3,"25":4,"26":1,"27":1,"28":4,"29":5,"30":1,"31":1,"32":1,"33":1,"34":3,"35":6,"36":2,"37":2,"38":2,"39":6,"40":1,"41":1,"42":1,"43":1,"44":1,"45":1,"46":2,"47":5,"48":1,"49":1,"50":1,"51":5,"52":1,"53":1,"54":1,"55":1,"56":1,"57":1,"58":3,"59":3,"60":3,"61":1,"62":1,"63":1},"branchMap":{"0":{"type":"branch","line":1,"loc":{"start":{"line":1,"column":24},"end":{"line":63,"column":5}},"locations":[{"start":{"line":1,"column":24},"end":{"line":63,"column":5}}]},"1":{"type":"branch","line":2,"loc":{"start":{"line":2,"column":4},"end":{"line":4,"column":5}},"locations":[{"start":{"line":2,"column":4},"end":{"line":4,"column":5}}]},"2":{"type":"branch","line":7,"loc":{"start":{"line":7,"column":4},"end":{"line":9,"column":5}},"locations":[{"start":{"line":7,"column":4},"end":{"line":9,"column":5}}]},"3":{"type":"branch","line":8,"loc":{"start":{"line":8,"column":32},"end":{"line":8,"column":59}},"locations":[{"start":{"line":8,"column":32},"end":{"line":8,"column":59}}]},"4":{"type":"branch","line":12,"loc":{"start":{"line":12,"column":4},"end":{"line":30,"column":5}},"locations":[{"start":{"line":12,"column":4},"end":{"line":30,"column":5}}]},"5":{"type":"branch","line":20,"loc":{"start":{"line":20,"column":37},"end":{"line":20,"column":53}},"locations":[{"start":{"line":20,"column":37},"end":{"line":20,"column":53}}]},"6":{"type":"branch","line":20,"loc":{"start":{"line":20,"column":53},"end":{"line":20,"column":67}},"locations":[{"start":{"line":20,"column":53},"end":{"line":20,"column":67}}]},"7":{"type":"branch","line":20,"loc":{"start":{"line":20,"column":69},"end":{"line":22,"column":9}},"locations":[{"start":{"line":20,"column":69},"end":{"line":22,"column":9}}]},"8":{"type":"branch","line":22,"loc":{"start":{"line":22,"column":9},"end":{"line":29,"column":9}},"locations":[{"start":{"line":22,"column":9},"end":{"line":29,"column":9}}]},"9":{"type":"branch","line":23,"loc":{"start":{"line":23,"column":41},"end":{"line":26,"column":13}},"locations":[{"start":{"line":23,"column":41},"end":{"line":26,"column":13}}]},"10":{"type":"branch","line":26,"loc":{"start":{"line":26,"column":13},"end":{"line":28,"column":13}},"locations":[{"start":{"line":26,"column":13},"end":{"line":28,"column":13}}]},"11":{"type":"branch","line":34,"loc":{"start":{"line":34,"column":4},"end":{"line":42,"column":5}},"locations":[{"start":{"line":34,"column":4},"end":{"line":42,"column":5}}]},"12":{"type":"branch","line":35,"loc":{"start":{"line":35,"column":37},"end":{"line":40,"column":9}},"locations":[{"start":{"line":35,"column":37},"end":{"line":40,"column":9}}]},"13":{"type":"branch","line":36,"loc":{"start":{"line":36,"column":33},"end":{"line":36,"column":61}},"locations":[{"start":{"line":36,"column":33},"end":{"line":36,"column":61}}]},"14":{"type":"branch","line":36,"loc":{"start":{"line":36,"column":63},"end":{"line":39,"column":13}},"locations":[{"start":{"line":36,"column":63},"end":{"line":39,"column":13}}]},"15":{"type":"branch","line":41,"loc":{"start":{"line":41,"column":-2},"end":{"line":42,"column":5}},"locations":[{"start":{"line":41,"column":-2},"end":{"line":42,"column":5}}]},"16":{"type":"branch","line":46,"loc":{"start":{"line":46,"column":4},"end":{"line":54,"column":5}},"locations":[{"start":{"line":46,"column":4},"end":{"line":54,"column":5}}]},"17":{"type":"branch","line":47,"loc":{"start":{"line":47,"column":37},"end":{"line":52,"column":9}},"locations":[{"start":{"line":47,"column":37},"end":{"line":52,"column":9}}]},"18":{"type":"branch","line":48,"loc":{"start":{"line":48,"column":33},"end":{"line":48,"column":60}},"locations":[{"start":{"line":48,"column":33},"end":{"line":48,"column":60}}]},"19":{"type":"branch","line":48,"loc":{"start":{"line":48,"column":62},"end":{"line":51,"column":13}},"locations":[{"start":{"line":48,"column":62},"end":{"line":51,"column":13}}]},"20":{"type":"branch","line":53,"loc":{"start":{"line":53,"column":-2},"end":{"line":54,"column":5}},"locations":[{"start":{"line":53,"column":-2},"end":{"line":54,"column":5}}]},"21":{"type":"branch","line":58,"loc":{"start":{"line":58,"column":4},"end":{"line":63,"column":5}},"locations":[{"start":{"line":58,"column":4},"end":{"line":63,"column":5}}]},"22":{"type":"branch","line":60,"loc":{"start":{"line":60,"column":34},"end":{"line":60,"column":117}},"locations":[{"start":{"line":60,"column":34},"end":{"line":60,"column":117}}]},"23":{"type":"branch","line":62,"loc":{"start":{"line":62,"column":-2},"end":{"line":63,"column":5}},"locations":[{"start":{"line":62,"column":-2},"end":{"line":63,"column":5}}]}},"b":{"0":[1],"1":[2],"2":[4],"3":[4],"4":[5],"5":[4],"6":[4],"7":[1],"8":[4],"9":[3],"10":[1],"11":[3],"12":[6],"13":[3],"14":[2],"15":[1],"16":[2],"17":[5],"18":[2],"19":[1],"20":[1],"21":[3],"22":[2],"23":[1]},"fnMap":{"0":{"name":"KataLibrary","decl":{"start":{"line":2,"column":4},"end":{"line":4,"column":5}},"loc":{"start":{"line":2,"column":4},"end":{"line":4,"column":5}},"line":2},"1":{"name":"isBookUnique","decl":{"start":{"line":7,"column":4},"end":{"line":9,"column":5}},"loc":{"start":{"line":7,"column":4},"end":{"line":9,"column":5}},"line":7},"2":{"name":"addBook","decl":{"start":{"line":12,"column":4},"end":{"line":30,"column":5}},"loc":{"start":{"line":12,"column":4},"end":{"line":30,"column":5}},"line":12},"3":{"name":"borrowBook","decl":{"start":{"line":34,"column":4},"end":{"line":42,"column":5}},"loc":{"start":{"line":34,"column":4},"end":{"line":42,"column":5}},"line":34},"4":{"name":"returnBook","decl":{"start":{"line":46,"column":4},"end":{"line":54,"column":5}},"loc":{"start":{"line":46,"column":4},"end":{"line":54,"column":5}},"line":46},"5":{"name":"viewBooks","decl":{"start":{"line":58,"column":4},"end":{"line":63,"column":5}},"loc":{"start":{"line":58,"column":4},"end":{"line":63,"column":5}},"line":58}},"f":{"0":2,"1":4,"2":5,"3":3,"4":2,"5":3}}
}
