TN:
SF:index.js
FN:2,KataLibrary
FN:7,isBookUnique
FN:12,addBook
FN:34,borrowBook
FN:46,returnBook
FN:58,viewBooks
FNF:6
FNH:6
FNDA:2,KataLibrary
FNDA:4,isBookUnique
FNDA:5,addBook
FNDA:3,borrowBook
FNDA:2,returnBook
FNDA:3,viewBooks
DA:1,1
DA:2,1
DA:3,2
DA:4,2
DA:5,1
DA:6,1
DA:7,1
DA:8,4
DA:9,4
DA:10,1
DA:11,1
DA:12,1
DA:13,5
DA:14,5
DA:15,5
DA:16,5
DA:17,5
DA:18,5
DA:19,5
DA:20,5
DA:21,1
DA:22,5
DA:23,4
DA:24,3
DA:25,3
DA:26,4
DA:27,1
DA:28,1
DA:29,4
DA:30,5
DA:31,1
DA:32,1
DA:33,1
DA:34,1
DA:35,3
DA:36,6
DA:37,2
DA:38,2
DA:39,2
DA:40,6
DA:41,1
DA:42,1
DA:43,1
DA:44,1
DA:45,1
DA:46,1
DA:47,2
DA:48,5
DA:49,1
DA:50,1
DA:51,1
DA:52,5
DA:53,1
DA:54,1
DA:55,1
DA:56,1
DA:57,1
DA:58,1
DA:59,3
DA:60,3
DA:61,3
DA:62,1
DA:63,1
DA:64,1
LF:64
LH:64
BRDA:1,0,0,1
BRDA:2,1,0,2
BRDA:7,2,0,4
BRDA:8,3,0,4
BRDA:12,4,0,5
BRDA:20,5,0,4
BRDA:20,6,0,4
BRDA:20,7,0,1
BRDA:22,8,0,4
BRDA:23,9,0,3
BRDA:26,10,0,1
BRDA:34,11,0,3
BRDA:35,12,0,6
BRDA:36,13,0,3
BRDA:36,14,0,2
BRDA:41,15,0,1
BRDA:46,16,0,2
BRDA:47,17,0,5
BRDA:48,18,0,2
BRDA:48,19,0,1
BRDA:53,20,0,1
BRDA:58,21,0,3
BRDA:60,22,0,2
BRDA:62,23,0,1
BRF:24
BRH:24
end_of_record
